<?xml version="1.0" encoding="UTF-8"?>
<!-- Generated by org.testng.reporters.JUnitXMLReporter -->
<testsuite hostname="Hp" ignored="0" name="Maven Test" tests="12" failures="0" timestamp="15 Oct 2019 18:12:47 GMT" time="0.306" errors="0">
  <testcase name="SubstractTest" time="0.041" classname="test.DemoClass1Test"/>
  <testcase name="divTest" time="0.005" classname="test.DemoClass1Test"/>
  <testcase name="multiTest" time="0.01" classname="test.DemoClass1Test"/>
  <testcase name="sumTest" time="0.0" classname="test.DemoClass1Test"/>
  <testcase name="SubstractTest" time="0.005" classname="test.DemoClass2Test"/>
  <testcase name="divTest" time="0.0" classname="test.DemoClass2Test"/>
  <testcase name="multiTest" time="0.025" classname="test.DemoClass2Test"/>
  <testcase name="sumTest" time="0.01" classname="test.DemoClass2Test"/>
  <testcase name="SubstractTest" time="0.005" classname="test.DemoClassTest"/>
  <testcase name="divTest" time="0.005" classname="test.DemoClassTest"/>
  <testcase name="multiTest" time="0.015" classname="test.DemoClassTest"/>
  <testcase name="sumTest" time="0.01" classname="test.DemoClassTest"/>
</testsuite> <!-- Maven Test -->
